{"C:\\Users\\conno\\OneDrive - University of Strathclyde\\Fourth Year\\CS408 - Individual project\\University Dissertation\\FrontEnd\\Univeristy-Dissertation\\src\\components\\AlgorithmAnimation\\AlgorithmAnimation.tsx": {"path":"C:\\Users\\conno\\OneDrive - University of Strathclyde\\Fourth Year\\CS408 - Individual project\\University Dissertation\\FrontEnd\\Univeristy-Dissertation\\src\\components\\AlgorithmAnimation\\AlgorithmAnimation.tsx","statementMap":{"0":{"start":{"line":1,"column":0},"end":{"line":1,"column":59}},"1":{"start":{"line":2,"column":0},"end":{"line":2,"column":34}},"2":{"start":{"line":3,"column":0},"end":{"line":3,"column":34}},"3":{"start":{"line":13,"column":62},"end":{"line":143,"column":1}},"4":{"start":{"line":20,"column":40},"end":{"line":20,"column":51}},"5":{"start":{"line":21,"column":19},"end":{"line":21,"column":57}},"6":{"start":{"line":22,"column":24},"end":{"line":22,"column":50}},"7":{"start":{"line":23,"column":42},"end":{"line":23,"column":74}},"8":{"start":{"line":25,"column":2},"end":{"line":43,"column":38}},"9":{"start":{"line":28,"column":26},"end":{"line":34,"column":5}},"10":{"start":{"line":29,"column":6},"end":{"line":33,"column":null}},"11":{"start":{"line":30,"column":8},"end":{"line":32,"column":24}},"12":{"start":{"line":31,"column":10},"end":{"line":31,"column":53}},"13":{"start":{"line":31,"column":39},"end":{"line":31,"column":51}},"14":{"start":{"line":36,"column":4},"end":{"line":38,"column":null}},"15":{"start":{"line":37,"column":6},"end":{"line":37,"column":22}},"16":{"start":{"line":40,"column":4},"end":{"line":42,"column":6}},"17":{"start":{"line":41,"column":6},"end":{"line":41,"column":30}},"18":{"start":{"line":45,"column":2},"end":{"line":102,"column":50}},"19":{"start":{"line":46,"column":4},"end":{"line":101,"column":null}},"20":{"start":{"line":47,"column":6},"end":{"line":100,"column":null}},"21":{"start":{"line":49,"column":8},"end":{"line":49,"column":69}},"22":{"start":{"line":50,"column":8},"end":{"line":50,"column":67}},"23":{"start":{"line":51,"column":8},"end":{"line":51,"column":39}},"24":{"start":{"line":54,"column":24},"end":{"line":54,"column":57}},"25":{"start":{"line":55,"column":8},"end":{"line":99,"column":null}},"26":{"start":{"line":56,"column":10},"end":{"line":98,"column":13}},"27":{"start":{"line":104,"column":2},"end":{"line":135,"column":20}},"28":{"start":{"line":105,"column":4},"end":{"line":134,"column":null}},"29":{"start":{"line":106,"column":26},"end":{"line":106,"column":43}},"30":{"start":{"line":109,"column":8},"end":{"line":109,"column":35}},"31":{"start":{"line":112,"column":6},"end":{"line":116,"column":null}},"32":{"start":{"line":113,"column":21},"end":{"line":113,"column":46}},"33":{"start":{"line":114,"column":8},"end":{"line":114,"column":63}},"34":{"start":{"line":115,"column":8},"end":{"line":115,"column":42}},"35":{"start":{"line":118,"column":6},"end":{"line":118,"column":37}},"36":{"start":{"line":120,"column":6},"end":{"line":133,"column":null}},"37":{"start":{"line":121,"column":8},"end":{"line":121,"column":70}},"38":{"start":{"line":122,"column":8},"end":{"line":122,"column":68}},"39":{"start":{"line":123,"column":8},"end":{"line":131,"column":12}},"40":{"start":{"line":126,"column":14},"end":{"line":130,"column":43}},"41":{"start":{"line":132,"column":8},"end":{"line":132,"column":39}},"42":{"start":{"line":137,"column":2},"end":{"line":142,"column":4}},"43":{"start":{"line":145,"column":0},"end":{"line":145,"column":34}}},"fnMap":{"0":{"name":"(anonymous_0)","decl":{"start":{"line":13,"column":62},"end":{"line":13,"column":63}},"loc":{"start":{"line":19,"column":5},"end":{"line":143,"column":1}}},"1":{"name":"(anonymous_1)","decl":{"start":{"line":25,"column":12},"end":{"line":25,"column":15}},"loc":{"start":{"line":25,"column":17},"end":{"line":43,"column":3}}},"2":{"name":"(anonymous_2)","decl":{"start":{"line":28,"column":26},"end":{"line":28,"column":29}},"loc":{"start":{"line":28,"column":31},"end":{"line":34,"column":5}}},"3":{"name":"(anonymous_3)","decl":{"start":{"line":30,"column":31},"end":{"line":30,"column":34}},"loc":{"start":{"line":30,"column":36},"end":{"line":32,"column":9}}},"4":{"name":"(anonymous_4)","decl":{"start":{"line":31,"column":25},"end":{"line":31,"column":26}},"loc":{"start":{"line":31,"column":39},"end":{"line":31,"column":51}}},"5":{"name":"(anonymous_5)","decl":{"start":{"line":40,"column":11},"end":{"line":40,"column":14}},"loc":{"start":{"line":40,"column":16},"end":{"line":42,"column":5}}},"6":{"name":"(anonymous_6)","decl":{"start":{"line":45,"column":12},"end":{"line":45,"column":15}},"loc":{"start":{"line":45,"column":17},"end":{"line":102,"column":3}}},"7":{"name":"(anonymous_7)","decl":{"start":{"line":104,"column":12},"end":{"line":104,"column":15}},"loc":{"start":{"line":104,"column":17},"end":{"line":135,"column":3}}},"8":{"name":"(anonymous_8)","decl":{"start":{"line":125,"column":12},"end":{"line":125,"column":13}},"loc":{"start":{"line":126,"column":14},"end":{"line":130,"column":43}}}},"branchMap":{"0":{"loc":{"start":{"line":29,"column":6},"end":{"line":33,"column":null}},"type":"if","locations":[{"start":{"line":29,"column":6},"end":{"line":33,"column":null}}]},"1":{"loc":{"start":{"line":36,"column":4},"end":{"line":38,"column":null}},"type":"if","locations":[{"start":{"line":36,"column":4},"end":{"line":38,"column":null}}]},"2":{"loc":{"start":{"line":46,"column":4},"end":{"line":101,"column":null}},"type":"if","locations":[{"start":{"line":46,"column":4},"end":{"line":101,"column":null}}]},"3":{"loc":{"start":{"line":46,"column":8},"end":{"line":46,"column":40}},"type":"binary-expr","locations":[{"start":{"line":46,"column":8},"end":{"line":46,"column":24}},{"start":{"line":46,"column":28},"end":{"line":46,"column":40}}]},"4":{"loc":{"start":{"line":47,"column":6},"end":{"line":100,"column":null}},"type":"if","locations":[{"start":{"line":47,"column":6},"end":{"line":100,"column":null}},{"start":{"line":52,"column":13},"end":{"line":100,"column":null}}]},"5":{"loc":{"start":{"line":55,"column":8},"end":{"line":99,"column":null}},"type":"if","locations":[{"start":{"line":55,"column":8},"end":{"line":99,"column":null}}]},"6":{"loc":{"start":{"line":105,"column":4},"end":{"line":134,"column":null}},"type":"if","locations":[{"start":{"line":105,"column":4},"end":{"line":134,"column":null}}]},"7":{"loc":{"start":{"line":105,"column":8},"end":{"line":105,"column":53}},"type":"binary-expr","locations":[{"start":{"line":105,"column":8},"end":{"line":105,"column":24}},{"start":{"line":105,"column":28},"end":{"line":105,"column":40}},{"start":{"line":105,"column":44},"end":{"line":105,"column":53}}]},"8":{"loc":{"start":{"line":112,"column":6},"end":{"line":116,"column":null}},"type":"if","locations":[{"start":{"line":112,"column":6},"end":{"line":116,"column":null}}]},"9":{"loc":{"start":{"line":120,"column":6},"end":{"line":133,"column":null}},"type":"if","locations":[{"start":{"line":120,"column":6},"end":{"line":133,"column":null}}]},"10":{"loc":{"start":{"line":126,"column":14},"end":{"line":130,"column":43}},"type":"cond-expr","locations":[{"start":{"line":127,"column":18},"end":{"line":129,"column":42}},{"start":{"line":130,"column":18},"end":{"line":130,"column":43}}]},"11":{"loc":{"start":{"line":126,"column":14},"end":{"line":126,"column":59}},"type":"binary-expr","locations":[{"start":{"line":126,"column":14},"end":{"line":126,"column":34}},{"start":{"line":126,"column":38},"end":{"line":126,"column":59}}]},"12":{"loc":{"start":{"line":127,"column":18},"end":{"line":129,"column":42}},"type":"cond-expr","locations":[{"start":{"line":128,"column":20},"end":{"line":128,"column":42}},{"start":{"line":129,"column":20},"end":{"line":129,"column":42}}]}},"s":{"0":1,"1":1,"2":1,"3":1,"4":8,"5":8,"6":8,"7":8,"8":8,"9":4,"10":3,"11":3,"12":0,"13":0,"14":4,"15":3,"16":4,"17":4,"18":8,"19":5,"20":5,"21":0,"22":0,"23":0,"24":5,"25":5,"26":0,"27":8,"28":3,"29":3,"30":3,"31":3,"32":3,"33":3,"34":3,"35":3,"36":3,"37":0,"38":0,"39":0,"40":0,"41":0,"42":8,"43":1},"f":{"0":8,"1":4,"2":3,"3":0,"4":0,"5":4,"6":5,"7":3,"8":0},"b":{"0":[3],"1":[3],"2":[5],"3":[5,5],"4":[0,5],"5":[0],"6":[3],"7":[3,3,3],"8":[3],"9":[0],"10":[0,0],"11":[0,0],"12":[0,0]}}
,"C:\\Users\\conno\\OneDrive - University of Strathclyde\\Fourth Year\\CS408 - Individual project\\University Dissertation\\FrontEnd\\Univeristy-Dissertation\\src\\components\\AlgorithmInputBox\\AlgorithmInputBox.tsx": {"path":"C:\\Users\\conno\\OneDrive - University of Strathclyde\\Fourth Year\\CS408 - Individual project\\University Dissertation\\FrontEnd\\Univeristy-Dissertation\\src\\components\\AlgorithmInputBox\\AlgorithmInputBox.tsx","statementMap":{"0":{"start":{"line":1,"column":0},"end":{"line":1,"column":40}},"1":{"start":{"line":2,"column":0},"end":{"line":2,"column":33}},"2":{"start":{"line":3,"column":0},"end":{"line":3,"column":41}},"3":{"start":{"line":12,"column":40},"end":{"line":12,"column":60}},"4":{"start":{"line":13,"column":42},"end":{"line":13,"column":62}},"5":{"start":{"line":15,"column":34},"end":{"line":17,"column":3}},"6":{"start":{"line":16,"column":4},"end":{"line":16,"column":35}},"7":{"start":{"line":19,"column":34},"end":{"line":37,"column":3}},"8":{"start":{"line":20,"column":4},"end":{"line":20,"column":23}},"9":{"start":{"line":22,"column":23},"end":{"line":28,"column":32}},"10":{"start":{"line":26,"column":17},"end":{"line":26,"column":78}},"11":{"start":{"line":28,"column":20},"end":{"line":28,"column":31}},"12":{"start":{"line":30,"column":4},"end":{"line":35,"column":null}},"13":{"start":{"line":31,"column":6},"end":{"line":31,"column":68}},"14":{"start":{"line":33,"column":6},"end":{"line":33,"column":26}},"15":{"start":{"line":34,"column":6},"end":{"line":34,"column":38}},"16":{"start":{"line":36,"column":4},"end":{"line":36,"column":24}},"17":{"start":{"line":39,"column":2},"end":{"line":65,"column":4}},"18":{"start":{"line":68,"column":0},"end":{"line":68,"column":33}}},"fnMap":{"0":{"name":"AlgorithmInputBox","decl":{"start":{"line":5,"column":9},"end":{"line":5,"column":26}},"loc":{"start":{"line":11,"column":1},"end":{"line":66,"column":1}}},"1":{"name":"(anonymous_1)","decl":{"start":{"line":15,"column":34},"end":{"line":15,"column":35}},"loc":{"start":{"line":15,"column":77},"end":{"line":17,"column":3}}},"2":{"name":"(anonymous_2)","decl":{"start":{"line":19,"column":34},"end":{"line":19,"column":35}},"loc":{"start":{"line":19,"column":74},"end":{"line":37,"column":3}}},"3":{"name":"(anonymous_3)","decl":{"start":{"line":26,"column":8},"end":{"line":26,"column":9}},"loc":{"start":{"line":26,"column":17},"end":{"line":26,"column":78}}},"4":{"name":"(anonymous_4)","decl":{"start":{"line":28,"column":11},"end":{"line":28,"column":12}},"loc":{"start":{"line":28,"column":20},"end":{"line":28,"column":31}}}},"branchMap":{"0":{"loc":{"start":{"line":26,"column":17},"end":{"line":26,"column":78}},"type":"binary-expr","locations":[{"start":{"line":26,"column":17},"end":{"line":26,"column":36}},{"start":{"line":26,"column":40},"end":{"line":26,"column":56}},{"start":{"line":26,"column":60},"end":{"line":26,"column":78}}]},"1":{"loc":{"start":{"line":30,"column":4},"end":{"line":35,"column":null}},"type":"if","locations":[{"start":{"line":30,"column":4},"end":{"line":35,"column":null}},{"start":{"line":32,"column":11},"end":{"line":35,"column":null}}]},"2":{"loc":{"start":{"line":63,"column":7},"end":{"line":63,"column":69}},"type":"binary-expr","locations":[{"start":{"line":63,"column":7},"end":{"line":63,"column":19}},{"start":{"line":63,"column":23},"end":{"line":63,"column":69}}]}},"s":{"0":1,"1":1,"2":1,"3":8,"4":8,"5":8,"6":3,"7":8,"8":2,"9":2,"10":4,"11":3,"12":2,"13":1,"14":1,"15":1,"16":2,"17":8,"18":1},"f":{"0":8,"1":3,"2":2,"3":4,"4":3},"b":{"0":[4,3,3],"1":[1,1],"2":[8,1]}}
,"C:\\Users\\conno\\OneDrive - University of Strathclyde\\Fourth Year\\CS408 - Individual project\\University Dissertation\\FrontEnd\\Univeristy-Dissertation\\src\\components\\AlgorithmSelectionMenu\\AlgorithmSelectionMenu.tsx": {"path":"C:\\Users\\conno\\OneDrive - University of Strathclyde\\Fourth Year\\CS408 - Individual project\\University Dissertation\\FrontEnd\\Univeristy-Dissertation\\src\\components\\AlgorithmSelectionMenu\\AlgorithmSelectionMenu.tsx","statementMap":{"0":{"start":{"line":1,"column":0},"end":{"line":1,"column":31}},"1":{"start":{"line":2,"column":0},"end":{"line":2,"column":52}},"2":{"start":{"line":3,"column":0},"end":{"line":3,"column":50}},"3":{"start":{"line":4,"column":0},"end":{"line":4,"column":46}},"4":{"start":{"line":5,"column":0},"end":{"line":5,"column":65}},"5":{"start":{"line":7,"column":25},"end":{"line":14,"column":2}},"6":{"start":{"line":16,"column":31},"end":{"line":45,"column":1}},"7":{"start":{"line":17,"column":52},"end":{"line":17,"column":70}},"8":{"start":{"line":19,"column":32},"end":{"line":21,"column":3}},"9":{"start":{"line":20,"column":4},"end":{"line":20,"column":55}},"10":{"start":{"line":23,"column":2},"end":{"line":44,"column":4}},"11":{"start":{"line":37,"column":12},"end":{"line":37,"column":38}},"12":{"start":{"line":47,"column":0},"end":{"line":47,"column":38}}},"fnMap":{"0":{"name":"(anonymous_0)","decl":{"start":{"line":16,"column":31},"end":{"line":16,"column":34}},"loc":{"start":{"line":16,"column":36},"end":{"line":45,"column":1}}},"1":{"name":"(anonymous_1)","decl":{"start":{"line":19,"column":32},"end":{"line":19,"column":33}},"loc":{"start":{"line":19,"column":61},"end":{"line":21,"column":3}}},"2":{"name":"(anonymous_2)","decl":{"start":{"line":36,"column":47},"end":{"line":36,"column":48}},"loc":{"start":{"line":37,"column":12},"end":{"line":37,"column":38}}}},"branchMap":{},"s":{"0":1,"1":1,"2":1,"3":1,"4":1,"5":1,"6":1,"7":7,"8":7,"9":2,"10":7,"11":42,"12":1},"f":{"0":7,"1":2,"2":42},"b":{}}
,"C:\\Users\\conno\\OneDrive - University of Strathclyde\\Fourth Year\\CS408 - Individual project\\University Dissertation\\FrontEnd\\Univeristy-Dissertation\\src\\components\\LogOutAlert\\LogOutAlert.tsx": {"path":"C:\\Users\\conno\\OneDrive - University of Strathclyde\\Fourth Year\\CS408 - Individual project\\University Dissertation\\FrontEnd\\Univeristy-Dissertation\\src\\components\\LogOutAlert\\LogOutAlert.tsx","statementMap":{"0":{"start":{"line":1,"column":0},"end":{"line":1,"column":31}},"1":{"start":{"line":2,"column":0},"end":{"line":2,"column":42}},"2":{"start":{"line":3,"column":0},"end":{"line":3,"column":42}},"3":{"start":{"line":4,"column":0},"end":{"line":4,"column":56}},"4":{"start":{"line":5,"column":0},"end":{"line":5,"column":52}},"5":{"start":{"line":6,"column":0},"end":{"line":6,"column":66}},"6":{"start":{"line":8,"column":18},"end":{"line":12,"column":2}},"7":{"start":{"line":20,"column":50},"end":{"line":75,"column":1}},"8":{"start":{"line":25,"column":36},"end":{"line":25,"column":57}},"9":{"start":{"line":27,"column":24},"end":{"line":30,"column":3}},"10":{"start":{"line":28,"column":4},"end":{"line":28,"column":23}},"11":{"start":{"line":29,"column":4},"end":{"line":29,"column":16}},"12":{"start":{"line":32,"column":21},"end":{"line":36,"column":3}},"13":{"start":{"line":34,"column":4},"end":{"line":34,"column":24}},"14":{"start":{"line":35,"column":4},"end":{"line":35,"column":15}},"15":{"start":{"line":38,"column":2},"end":{"line":74,"column":4}},"16":{"start":{"line":77,"column":0},"end":{"line":77,"column":28}}},"fnMap":{"0":{"name":"(anonymous_0)","decl":{"start":{"line":20,"column":50},"end":{"line":20,"column":51}},"loc":{"start":{"line":24,"column":5},"end":{"line":75,"column":1}}},"1":{"name":"(anonymous_1)","decl":{"start":{"line":27,"column":24},"end":{"line":27,"column":27}},"loc":{"start":{"line":27,"column":29},"end":{"line":30,"column":3}}},"2":{"name":"(anonymous_2)","decl":{"start":{"line":32,"column":21},"end":{"line":32,"column":24}},"loc":{"start":{"line":32,"column":26},"end":{"line":36,"column":3}}}},"branchMap":{"0":{"loc":{"start":{"line":42,"column":16},"end":{"line":42,"column":34}},"type":"binary-expr","locations":[{"start":{"line":42,"column":16},"end":{"line":42,"column":20}},{"start":{"line":42,"column":24},"end":{"line":42,"column":34}}]}},"s":{"0":1,"1":1,"2":1,"3":1,"4":1,"5":1,"6":1,"7":1,"8":7,"9":7,"10":2,"11":2,"12":7,"13":1,"14":1,"15":7,"16":1},"f":{"0":7,"1":2,"2":1},"b":{"0":[7,7]}}
,"C:\\Users\\conno\\OneDrive - University of Strathclyde\\Fourth Year\\CS408 - Individual project\\University Dissertation\\FrontEnd\\Univeristy-Dissertation\\src\\components\\ProficiencyQuiz\\ProficiencyQuiz.tsx": {"path":"C:\\Users\\conno\\OneDrive - University of Strathclyde\\Fourth Year\\CS408 - Individual project\\University Dissertation\\FrontEnd\\Univeristy-Dissertation\\src\\components\\ProficiencyQuiz\\ProficiencyQuiz.tsx","statementMap":{"0":{"start":{"line":1,"column":0},"end":{"line":1,"column":40}},"1":{"start":{"line":2,"column":0},"end":{"line":2,"column":31}},"2":{"start":{"line":3,"column":0},"end":{"line":3,"column":50}},"3":{"start":{"line":4,"column":0},"end":{"line":4,"column":72}},"4":{"start":{"line":5,"column":0},"end":{"line":5,"column":69}},"5":{"start":{"line":11,"column":47},"end":{"line":130,"column":1}},"6":{"start":{"line":12,"column":36},"end":{"line":12,"column":51}},"7":{"start":{"line":13,"column":42},"end":{"line":13,"column":57}},"8":{"start":{"line":14,"column":56},"end":{"line":14,"column":75}},"9":{"start":{"line":15,"column":58},"end":{"line":15,"column":69}},"10":{"start":{"line":16,"column":52},"end":{"line":16,"column":64}},"11":{"start":{"line":17,"column":36},"end":{"line":17,"column":48}},"12":{"start":{"line":19,"column":20},"end":{"line":44,"column":4}},"13":{"start":{"line":46,"column":26},"end":{"line":77,"column":3}},"14":{"start":{"line":47,"column":4},"end":{"line":50,"column":null}},"15":{"start":{"line":48,"column":6},"end":{"line":48,"column":25}},"16":{"start":{"line":49,"column":6},"end":{"line":49,"column":13}},"17":{"start":{"line":51,"column":4},"end":{"line":51,"column":16}},"18":{"start":{"line":52,"column":4},"end":{"line":52,"column":24}},"19":{"start":{"line":53,"column":4},"end":{"line":53,"column":72}},"20":{"start":{"line":53,"column":47},"end":{"line":53,"column":70}},"21":{"start":{"line":55,"column":4},"end":{"line":55,"column":29}},"22":{"start":{"line":56,"column":4},"end":{"line":76,"column":null}},"23":{"start":{"line":57,"column":6},"end":{"line":57,"column":56}},"24":{"start":{"line":59,"column":6},"end":{"line":59,"column":28}},"25":{"start":{"line":60,"column":6},"end":{"line":75,"column":null}},"26":{"start":{"line":61,"column":8},"end":{"line":61,"column":64}},"27":{"start":{"line":62,"column":8},"end":{"line":64,"column":10}},"28":{"start":{"line":65,"column":13},"end":{"line":75,"column":null}},"29":{"start":{"line":66,"column":8},"end":{"line":66,"column":68}},"30":{"start":{"line":67,"column":8},"end":{"line":69,"column":10}},"31":{"start":{"line":70,"column":13},"end":{"line":75,"column":null}},"32":{"start":{"line":71,"column":8},"end":{"line":71,"column":64}},"33":{"start":{"line":72,"column":8},"end":{"line":74,"column":10}},"34":{"start":{"line":79,"column":2},"end":{"line":129,"column":4}},"35":{"start":{"line":98,"column":18},"end":{"line":102,"column":null}},"36":{"start":{"line":103,"column":35},"end":{"line":103,"column":62}},"37":{"start":{"line":121,"column":37},"end":{"line":121,"column":71}},"38":{"start":{"line":132,"column":0},"end":{"line":132,"column":31}}},"fnMap":{"0":{"name":"(anonymous_0)","decl":{"start":{"line":11,"column":47},"end":{"line":11,"column":48}},"loc":{"start":{"line":11,"column":61},"end":{"line":130,"column":1}}},"1":{"name":"(anonymous_1)","decl":{"start":{"line":46,"column":26},"end":{"line":46,"column":27}},"loc":{"start":{"line":46,"column":45},"end":{"line":77,"column":3}}},"2":{"name":"(anonymous_2)","decl":{"start":{"line":53,"column":27},"end":{"line":53,"column":28}},"loc":{"start":{"line":53,"column":47},"end":{"line":53,"column":70}}},"3":{"name":"(anonymous_3)","decl":{"start":{"line":97,"column":16},"end":{"line":97,"column":17}},"loc":{"start":{"line":98,"column":18},"end":{"line":102,"column":null}}},"4":{"name":"(anonymous_4)","decl":{"start":{"line":103,"column":29},"end":{"line":103,"column":32}},"loc":{"start":{"line":103,"column":35},"end":{"line":103,"column":62}}},"5":{"name":"(anonymous_5)","decl":{"start":{"line":121,"column":31},"end":{"line":121,"column":34}},"loc":{"start":{"line":121,"column":37},"end":{"line":121,"column":71}}}},"branchMap":{"0":{"loc":{"start":{"line":47,"column":4},"end":{"line":50,"column":null}},"type":"if","locations":[{"start":{"line":47,"column":4},"end":{"line":50,"column":null}}]},"1":{"loc":{"start":{"line":56,"column":4},"end":{"line":76,"column":null}},"type":"if","locations":[{"start":{"line":56,"column":4},"end":{"line":76,"column":null}},{"start":{"line":58,"column":11},"end":{"line":76,"column":null}}]},"2":{"loc":{"start":{"line":60,"column":6},"end":{"line":75,"column":null}},"type":"if","locations":[{"start":{"line":60,"column":6},"end":{"line":75,"column":null}},{"start":{"line":65,"column":13},"end":{"line":75,"column":null}}]},"3":{"loc":{"start":{"line":65,"column":13},"end":{"line":75,"column":null}},"type":"if","locations":[{"start":{"line":65,"column":13},"end":{"line":75,"column":null}},{"start":{"line":70,"column":13},"end":{"line":75,"column":null}}]},"4":{"loc":{"start":{"line":70,"column":13},"end":{"line":75,"column":null}},"type":"if","locations":[{"start":{"line":70,"column":13},"end":{"line":75,"column":null}}]},"5":{"loc":{"start":{"line":81,"column":7},"end":{"line":126,"column":null}},"type":"cond-expr","locations":[{"start":{"line":82,"column":8},"end":{"line":84,"column":null}},{"start":{"line":87,"column":8},"end":{"line":125,"column":null}}]},"6":{"loc":{"start":{"line":88,"column":11},"end":{"line":124,"column":null}},"type":"binary-expr","locations":[{"start":{"line":88,"column":11},"end":{"line":88,"column":50}},{"start":{"line":89,"column":12},"end":{"line":123,"column":null}}]},"7":{"loc":{"start":{"line":100,"column":22},"end":{"line":100,"column":null}},"type":"cond-expr","locations":[{"start":{"line":100,"column":52},"end":{"line":100,"column":62}},{"start":{"line":100,"column":65},"end":{"line":100,"column":null}}]},"8":{"loc":{"start":{"line":115,"column":15},"end":{"line":118,"column":null}},"type":"binary-expr","locations":[{"start":{"line":115,"column":15},"end":{"line":115,"column":24}},{"start":{"line":116,"column":16},"end":{"line":117,"column":null}}]}},"s":{"0":2,"1":2,"2":2,"3":2,"4":2,"5":2,"6":14,"7":14,"8":14,"9":14,"10":14,"11":14,"12":14,"13":14,"14":6,"15":1,"16":1,"17":5,"18":5,"19":5,"20":5,"21":5,"22":5,"23":4,"24":1,"25":1,"26":0,"27":0,"28":1,"29":0,"30":0,"31":1,"32":1,"33":1,"34":14,"35":39,"36":5,"37":6,"38":2},"f":{"0":14,"1":6,"2":5,"3":39,"4":5,"5":6},"b":{"0":[1],"1":[4,1],"2":[0,1],"3":[0,1],"4":[1],"5":[1,13],"6":[13,13],"7":[5,34],"8":[13,1]}}
,"C:\\Users\\conno\\OneDrive - University of Strathclyde\\Fourth Year\\CS408 - Individual project\\University Dissertation\\FrontEnd\\Univeristy-Dissertation\\src\\components\\ProgressionBar\\ProgressionBar.tsx": {"path":"C:\\Users\\conno\\OneDrive - University of Strathclyde\\Fourth Year\\CS408 - Individual project\\University Dissertation\\FrontEnd\\Univeristy-Dissertation\\src\\components\\ProgressionBar\\ProgressionBar.tsx","statementMap":{"0":{"start":{"line":1,"column":0},"end":{"line":1,"column":null}},"1":{"start":{"line":4,"column":0},"end":{"line":4,"column":50}},"2":{"start":{"line":5,"column":0},"end":{"line":5,"column":36}},"3":{"start":{"line":10,"column":22},"end":{"line":10,"column":47}},"4":{"start":{"line":11,"column":29},"end":{"line":11,"column":53}},"5":{"start":{"line":13,"column":2},"end":{"line":28,"column":4}},"6":{"start":{"line":7,"column":0},"end":{"line":7,"column":24}}},"fnMap":{"0":{"name":"LinearProgressWithLabel","decl":{"start":{"line":7,"column":24},"end":{"line":7,"column":47}},"loc":{"start":{"line":8,"column":48},"end":{"line":29,"column":1}}}},"branchMap":{},"s":{"0":1,"1":1,"2":1,"3":0,"4":0,"5":0,"6":1},"f":{"0":0},"b":{}}
,"C:\\Users\\conno\\OneDrive - University of Strathclyde\\Fourth Year\\CS408 - Individual project\\University Dissertation\\FrontEnd\\Univeristy-Dissertation\\src\\components\\ProgressionChart\\ProgressionChart.tsx": {"path":"C:\\Users\\conno\\OneDrive - University of Strathclyde\\Fourth Year\\CS408 - Individual project\\University Dissertation\\FrontEnd\\Univeristy-Dissertation\\src\\components\\ProgressionChart\\ProgressionChart.tsx","statementMap":{"0":{"start":{"line":1,"column":0},"end":{"line":1,"column":39}},"1":{"start":{"line":2,"column":0},"end":{"line":2,"column":32}},"2":{"start":{"line":3,"column":0},"end":{"line":3,"column":44}},"3":{"start":{"line":4,"column":0},"end":{"line":4,"column":74}},"4":{"start":{"line":13,"column":25},"end":{"line":84,"column":1}},"5":{"start":{"line":14,"column":52},"end":{"line":15,"column":null}},"6":{"start":{"line":18,"column":2},"end":{"line":31,"column":9}},"7":{"start":{"line":19,"column":25},"end":{"line":19,"column":61}},"8":{"start":{"line":21,"column":4},"end":{"line":30,"column":null}},"9":{"start":{"line":23,"column":8},"end":{"line":27,"column":26}},"10":{"start":{"line":24,"column":10},"end":{"line":26,"column":13}},"11":{"start":{"line":25,"column":12},"end":{"line":25,"column":39}},"12":{"start":{"line":29,"column":6},"end":{"line":29,"column":27}},"13":{"start":{"line":33,"column":22},"end":{"line":33,"column":65}},"14":{"start":{"line":33,"column":54},"end":{"line":33,"column":64}},"15":{"start":{"line":34,"column":15},"end":{"line":51,"column":4}},"16":{"start":{"line":37,"column":8},"end":{"line":40,"column":12}},"17":{"start":{"line":52,"column":18},"end":{"line":78,"column":4}},"18":{"start":{"line":79,"column":2},"end":{"line":83,"column":4}},"19":{"start":{"line":86,"column":0},"end":{"line":86,"column":32}}},"fnMap":{"0":{"name":"(anonymous_0)","decl":{"start":{"line":13,"column":25},"end":{"line":13,"column":28}},"loc":{"start":{"line":13,"column":30},"end":{"line":84,"column":1}}},"1":{"name":"(anonymous_1)","decl":{"start":{"line":18,"column":12},"end":{"line":18,"column":15}},"loc":{"start":{"line":18,"column":17},"end":{"line":31,"column":3}}},"2":{"name":"fetchLastFiveGames","decl":{"start":{"line":22,"column":21},"end":{"line":22,"column":39}},"loc":{"start":{"line":22,"column":39},"end":{"line":28,"column":7}}},"3":{"name":"(anonymous_3)","decl":{"start":{"line":24,"column":47},"end":{"line":24,"column":48}},"loc":{"start":{"line":24,"column":56},"end":{"line":26,"column":11}}},"4":{"name":"(anonymous_4)","decl":{"start":{"line":33,"column":44},"end":{"line":33,"column":45}},"loc":{"start":{"line":33,"column":54},"end":{"line":33,"column":64}}},"5":{"name":"(anonymous_5)","decl":{"start":{"line":36,"column":6},"end":{"line":36,"column":7}},"loc":{"start":{"line":37,"column":8},"end":{"line":40,"column":12}}}},"branchMap":{"0":{"loc":{"start":{"line":21,"column":4},"end":{"line":30,"column":null}},"type":"if","locations":[{"start":{"line":21,"column":4},"end":{"line":30,"column":null}}]}},"s":{"0":2,"1":2,"2":2,"3":2,"4":2,"5":1,"6":1,"7":1,"8":1,"9":0,"10":0,"11":0,"12":0,"13":1,"14":0,"15":1,"16":0,"17":1,"18":1,"19":2},"f":{"0":1,"1":1,"2":0,"3":0,"4":0,"5":0},"b":{"0":[0]}}
,"C:\\Users\\conno\\OneDrive - University of Strathclyde\\Fourth Year\\CS408 - Individual project\\University Dissertation\\FrontEnd\\Univeristy-Dissertation\\src\\components\\ToolTip\\ToolTip.tsx": {"path":"C:\\Users\\conno\\OneDrive - University of Strathclyde\\Fourth Year\\CS408 - Individual project\\University Dissertation\\FrontEnd\\Univeristy-Dissertation\\src\\components\\ToolTip\\ToolTip.tsx","statementMap":{"0":{"start":{"line":2,"column":0},"end":{"line":2,"column":48}},"1":{"start":{"line":3,"column":0},"end":{"line":3,"column":50}},"2":{"start":{"line":4,"column":0},"end":{"line":4,"column":44}},"3":{"start":{"line":5,"column":0},"end":{"line":5,"column":55}},"4":{"start":{"line":13,"column":40},"end":{"line":42,"column":1}},"5":{"start":{"line":18,"column":23},"end":{"line":18,"column":33}},"6":{"start":{"line":21,"column":2},"end":{"line":41,"column":4}},"7":{"start":{"line":44,"column":0},"end":{"line":44,"column":23}}},"fnMap":{"0":{"name":"(anonymous_0)","decl":{"start":{"line":13,"column":40},"end":{"line":13,"column":41}},"loc":{"start":{"line":17,"column":5},"end":{"line":42,"column":1}}}},"branchMap":{"0":{"loc":{"start":{"line":15,"column":2},"end":{"line":15,"column":20}},"type":"default-arg","locations":[{"start":{"line":15,"column":13},"end":{"line":15,"column":20}}]},"1":{"loc":{"start":{"line":16,"column":2},"end":{"line":16,"column":20}},"type":"default-arg","locations":[{"start":{"line":16,"column":14},"end":{"line":16,"column":20}}]},"2":{"loc":{"start":{"line":32,"column":14},"end":{"line":34,"column":46}},"type":"cond-expr","locations":[{"start":{"line":33,"column":18},"end":{"line":33,"column":44}},{"start":{"line":34,"column":18},"end":{"line":34,"column":46}}]}},"s":{"0":1,"1":1,"2":1,"3":1,"4":1,"5":7,"6":7,"7":1},"f":{"0":7},"b":{"0":[7],"1":[7],"2":[7,0]}}
,"C:\\Users\\conno\\OneDrive - University of Strathclyde\\Fourth Year\\CS408 - Individual project\\University Dissertation\\FrontEnd\\Univeristy-Dissertation\\src\\pages\\Home\\Home.tsx": {"path":"C:\\Users\\conno\\OneDrive - University of Strathclyde\\Fourth Year\\CS408 - Individual project\\University Dissertation\\FrontEnd\\Univeristy-Dissertation\\src\\pages\\Home\\Home.tsx","statementMap":{"0":{"start":{"line":1,"column":0},"end":{"line":1,"column":44}},"1":{"start":{"line":2,"column":0},"end":{"line":2,"column":20}},"2":{"start":{"line":3,"column":0},"end":{"line":3,"column":47}},"3":{"start":{"line":4,"column":0},"end":{"line":4,"column":72}},"4":{"start":{"line":7,"column":34},"end":{"line":7,"column":57}},"5":{"start":{"line":8,"column":19},"end":{"line":8,"column":32}},"6":{"start":{"line":10,"column":2},"end":{"line":12,"column":9}},"7":{"start":{"line":11,"column":4},"end":{"line":11,"column":22}},"8":{"start":{"line":14,"column":20},"end":{"line":16,"column":3}},"9":{"start":{"line":15,"column":4},"end":{"line":15,"column":19}},"10":{"start":{"line":18,"column":2},"end":{"line":68,"column":4}},"11":{"start":{"line":39,"column":33},"end":{"line":39,"column":64}},"12":{"start":{"line":45,"column":33},"end":{"line":45,"column":54}},"13":{"start":{"line":52,"column":33},"end":{"line":52,"column":59}},"14":{"start":{"line":58,"column":33},"end":{"line":58,"column":58}},"15":{"start":{"line":71,"column":0},"end":{"line":71,"column":20}}},"fnMap":{"0":{"name":"Home","decl":{"start":{"line":6,"column":9},"end":{"line":6,"column":13}},"loc":{"start":{"line":6,"column":13},"end":{"line":69,"column":1}}},"1":{"name":"(anonymous_1)","decl":{"start":{"line":10,"column":12},"end":{"line":10,"column":15}},"loc":{"start":{"line":10,"column":17},"end":{"line":12,"column":3}}},"2":{"name":"(anonymous_2)","decl":{"start":{"line":14,"column":20},"end":{"line":14,"column":21}},"loc":{"start":{"line":14,"column":37},"end":{"line":16,"column":3}}},"3":{"name":"(anonymous_3)","decl":{"start":{"line":39,"column":27},"end":{"line":39,"column":30}},"loc":{"start":{"line":39,"column":33},"end":{"line":39,"column":64}}},"4":{"name":"(anonymous_4)","decl":{"start":{"line":45,"column":27},"end":{"line":45,"column":30}},"loc":{"start":{"line":45,"column":33},"end":{"line":45,"column":54}}},"5":{"name":"(anonymous_5)","decl":{"start":{"line":52,"column":27},"end":{"line":52,"column":30}},"loc":{"start":{"line":52,"column":33},"end":{"line":52,"column":59}}},"6":{"name":"(anonymous_6)","decl":{"start":{"line":58,"column":27},"end":{"line":58,"column":30}},"loc":{"start":{"line":58,"column":33},"end":{"line":58,"column":58}}}},"branchMap":{"0":{"loc":{"start":{"line":20,"column":7},"end":{"line":65,"column":null}},"type":"cond-expr","locations":[{"start":{"line":21,"column":8},"end":{"line":21,"column":49}},{"start":{"line":23,"column":8},"end":{"line":64,"column":null}}]}},"s":{"0":1,"1":1,"2":1,"3":1,"4":4,"5":4,"6":4,"7":2,"8":4,"9":4,"10":4,"11":1,"12":1,"13":1,"14":1,"15":1},"f":{"0":4,"1":2,"2":4,"3":1,"4":1,"5":1,"6":1},"b":{"0":[2,2]}}
,"C:\\Users\\conno\\OneDrive - University of Strathclyde\\Fourth Year\\CS408 - Individual project\\University Dissertation\\FrontEnd\\Univeristy-Dissertation\\src\\pages\\Profile\\Profile.tsx": {"path":"C:\\Users\\conno\\OneDrive - University of Strathclyde\\Fourth Year\\CS408 - Individual project\\University Dissertation\\FrontEnd\\Univeristy-Dissertation\\src\\pages\\Profile\\Profile.tsx","statementMap":{"0":{"start":{"line":1,"column":0},"end":{"line":1,"column":51}},"1":{"start":{"line":2,"column":0},"end":{"line":2,"column":47}},"2":{"start":{"line":3,"column":0},"end":{"line":3,"column":80}},"3":{"start":{"line":4,"column":0},"end":{"line":4,"column":23}},"4":{"start":{"line":5,"column":0},"end":{"line":5,"column":69}},"5":{"start":{"line":6,"column":0},"end":{"line":6,"column":79}},"6":{"start":{"line":7,"column":0},"end":{"line":7,"column":42}},"7":{"start":{"line":8,"column":0},"end":{"line":8,"column":52}},"8":{"start":{"line":9,"column":0},"end":{"line":9,"column":76}},"9":{"start":{"line":10,"column":0},"end":{"line":10,"column":82}},"10":{"start":{"line":20,"column":26},"end":{"line":123,"column":1}},"11":{"start":{"line":21,"column":19},"end":{"line":21,"column":32}},"12":{"start":{"line":22,"column":40},"end":{"line":22,"column":74}},"13":{"start":{"line":23,"column":56},"end":{"line":23,"column":71}},"14":{"start":{"line":24,"column":46},"end":{"line":30,"column":4}},"15":{"start":{"line":32,"column":2},"end":{"line":55,"column":9}},"16":{"start":{"line":33,"column":25},"end":{"line":33,"column":61}},"17":{"start":{"line":35,"column":4},"end":{"line":54,"column":null}},"18":{"start":{"line":37,"column":8},"end":{"line":41,"column":26}},"19":{"start":{"line":38,"column":10},"end":{"line":40,"column":13}},"20":{"start":{"line":39,"column":12},"end":{"line":39,"column":33}},"21":{"start":{"line":45,"column":8},"end":{"line":49,"column":26}},"22":{"start":{"line":46,"column":10},"end":{"line":48,"column":13}},"23":{"start":{"line":47,"column":12},"end":{"line":47,"column":36}},"24":{"start":{"line":52,"column":6},"end":{"line":52,"column":18}},"25":{"start":{"line":53,"column":6},"end":{"line":53,"column":28}},"26":{"start":{"line":57,"column":2},"end":{"line":122,"column":4}},"27":{"start":{"line":82,"column":31},"end":{"line":82,"column":59}},"28":{"start":{"line":116,"column":35},"end":{"line":116,"column":56}},"29":{"start":{"line":117,"column":35},"end":{"line":117,"column":53}},"30":{"start":{"line":124,"column":0},"end":{"line":124,"column":23}}},"fnMap":{"0":{"name":"(anonymous_0)","decl":{"start":{"line":20,"column":26},"end":{"line":20,"column":29}},"loc":{"start":{"line":20,"column":31},"end":{"line":123,"column":1}}},"1":{"name":"(anonymous_1)","decl":{"start":{"line":32,"column":12},"end":{"line":32,"column":15}},"loc":{"start":{"line":32,"column":17},"end":{"line":55,"column":3}}},"2":{"name":"fetchData","decl":{"start":{"line":36,"column":21},"end":{"line":36,"column":30}},"loc":{"start":{"line":36,"column":30},"end":{"line":42,"column":7}}},"3":{"name":"(anonymous_3)","decl":{"start":{"line":38,"column":34},"end":{"line":38,"column":35}},"loc":{"start":{"line":38,"column":43},"end":{"line":40,"column":11}}},"4":{"name":"fetchUserStatistics","decl":{"start":{"line":44,"column":21},"end":{"line":44,"column":40}},"loc":{"start":{"line":44,"column":40},"end":{"line":50,"column":7}}},"5":{"name":"(anonymous_5)","decl":{"start":{"line":46,"column":41},"end":{"line":46,"column":42}},"loc":{"start":{"line":46,"column":50},"end":{"line":48,"column":11}}},"6":{"name":"(anonymous_6)","decl":{"start":{"line":82,"column":25},"end":{"line":82,"column":28}},"loc":{"start":{"line":82,"column":31},"end":{"line":82,"column":59}}},"7":{"name":"(anonymous_7)","decl":{"start":{"line":116,"column":29},"end":{"line":116,"column":32}},"loc":{"start":{"line":116,"column":35},"end":{"line":116,"column":56}}},"8":{"name":"(anonymous_8)","decl":{"start":{"line":117,"column":29},"end":{"line":117,"column":32}},"loc":{"start":{"line":117,"column":35},"end":{"line":117,"column":53}}}},"branchMap":{"0":{"loc":{"start":{"line":35,"column":4},"end":{"line":54,"column":null}},"type":"if","locations":[{"start":{"line":35,"column":4},"end":{"line":54,"column":null}}]},"1":{"loc":{"start":{"line":60,"column":7},"end":{"line":119,"column":null}},"type":"cond-expr","locations":[{"start":{"line":61,"column":8},"end":{"line":62,"column":null}},{"start":{"line":64,"column":10},"end":{"line":119,"column":null}}]},"2":{"loc":{"start":{"line":64,"column":10},"end":{"line":119,"column":null}},"type":"cond-expr","locations":[{"start":{"line":65,"column":8},"end":{"line":106,"column":null}},{"start":{"line":109,"column":8},"end":{"line":118,"column":null}}]},"3":{"loc":{"start":{"line":76,"column":13},"end":{"line":85,"column":null}},"type":"binary-expr","locations":[{"start":{"line":76,"column":13},"end":{"line":76,"column":49}},{"start":{"line":77,"column":14},"end":{"line":82,"column":null}}]},"4":{"loc":{"start":{"line":87,"column":13},"end":{"line":92,"column":null}},"type":"binary-expr","locations":[{"start":{"line":87,"column":13},"end":{"line":87,"column":49}},{"start":{"line":88,"column":14},"end":{"line":88,"column":50}},{"start":{"line":89,"column":16},"end":{"line":91,"column":null}}]},"5":{"loc":{"start":{"line":101,"column":13},"end":{"line":104,"column":null}},"type":"binary-expr","locations":[{"start":{"line":101,"column":13},"end":{"line":101,"column":43}},{"start":{"line":102,"column":14},"end":{"line":103,"column":null}}]}},"s":{"0":1,"1":1,"2":1,"3":1,"4":1,"5":1,"6":1,"7":1,"8":1,"9":1,"10":1,"11":3,"12":3,"13":3,"14":3,"15":3,"16":3,"17":3,"18":0,"19":0,"20":0,"21":0,"22":0,"23":0,"24":0,"25":0,"26":3,"27":0,"28":0,"29":0,"30":1},"f":{"0":3,"1":3,"2":0,"3":0,"4":0,"5":0,"6":0,"7":0,"8":0},"b":{"0":[0],"1":[0,3],"2":[0,3],"3":[0,0],"4":[0,0,0],"5":[0,0]}}
,"C:\\Users\\conno\\OneDrive - University of Strathclyde\\Fourth Year\\CS408 - Individual project\\University Dissertation\\FrontEnd\\Univeristy-Dissertation\\src\\services\\api\\ApiEndpoints.ts": {"path":"C:\\Users\\conno\\OneDrive - University of Strathclyde\\Fourth Year\\CS408 - Individual project\\University Dissertation\\FrontEnd\\Univeristy-Dissertation\\src\\services\\api\\ApiEndpoints.ts","statementMap":{"0":{"start":{"line":1,"column":0},"end":{"line":1,"column":38}},"1":{"start":{"line":3,"column":19},"end":{"line":3,"column":44}},"2":{"start":{"line":4,"column":12},"end":{"line":4,"column":44}},"3":{"start":{"line":6,"column":32},"end":{"line":14,"column":1}},"4":{"start":{"line":7,"column":2},"end":{"line":13,"column":null}},"5":{"start":{"line":8,"column":25},"end":{"line":8,"column":79}},"6":{"start":{"line":9,"column":4},"end":{"line":9,"column":24}},"7":{"start":{"line":11,"column":4},"end":{"line":11,"column":31}},"8":{"start":{"line":12,"column":4},"end":{"line":12,"column":16}},"9":{"start":{"line":6,"column":13},"end":{"line":6,"column":32}},"10":{"start":{"line":16,"column":25},"end":{"line":24,"column":1}},"11":{"start":{"line":17,"column":2},"end":{"line":23,"column":null}},"12":{"start":{"line":18,"column":21},"end":{"line":18,"column":65}},"13":{"start":{"line":19,"column":4},"end":{"line":19,"column":20}},"14":{"start":{"line":21,"column":4},"end":{"line":21,"column":31}},"15":{"start":{"line":22,"column":4},"end":{"line":22,"column":16}},"16":{"start":{"line":16,"column":13},"end":{"line":16,"column":25}},"17":{"start":{"line":26,"column":28},"end":{"line":33,"column":1}},"18":{"start":{"line":27,"column":2},"end":{"line":32,"column":null}},"19":{"start":{"line":28,"column":21},"end":{"line":28,"column":68}},"20":{"start":{"line":29,"column":4},"end":{"line":29,"column":20}},"21":{"start":{"line":31,"column":4},"end":{"line":31,"column":16}},"22":{"start":{"line":26,"column":13},"end":{"line":26,"column":28}},"23":{"start":{"line":35,"column":26},"end":{"line":44,"column":1}},"24":{"start":{"line":36,"column":2},"end":{"line":36,"column":17}},"25":{"start":{"line":37,"column":2},"end":{"line":43,"column":null}},"26":{"start":{"line":38,"column":25},"end":{"line":38,"column":49}},"27":{"start":{"line":39,"column":4},"end":{"line":39,"column":24}},"28":{"start":{"line":41,"column":4},"end":{"line":41,"column":31}},"29":{"start":{"line":42,"column":4},"end":{"line":42,"column":16}},"30":{"start":{"line":35,"column":13},"end":{"line":35,"column":26}},"31":{"start":{"line":46,"column":27},"end":{"line":54,"column":1}},"32":{"start":{"line":47,"column":2},"end":{"line":53,"column":null}},"33":{"start":{"line":48,"column":25},"end":{"line":48,"column":75}},"34":{"start":{"line":49,"column":4},"end":{"line":49,"column":24}},"35":{"start":{"line":51,"column":4},"end":{"line":51,"column":31}},"36":{"start":{"line":52,"column":4},"end":{"line":52,"column":16}},"37":{"start":{"line":46,"column":13},"end":{"line":46,"column":27}},"38":{"start":{"line":56,"column":37},"end":{"line":64,"column":1}},"39":{"start":{"line":57,"column":2},"end":{"line":63,"column":null}},"40":{"start":{"line":58,"column":25},"end":{"line":58,"column":74}},"41":{"start":{"line":59,"column":4},"end":{"line":59,"column":24}},"42":{"start":{"line":61,"column":4},"end":{"line":61,"column":31}},"43":{"start":{"line":62,"column":4},"end":{"line":62,"column":16}},"44":{"start":{"line":56,"column":13},"end":{"line":56,"column":37}},"45":{"start":{"line":66,"column":39},"end":{"line":75,"column":1}},"46":{"start":{"line":67,"column":2},"end":{"line":67,"column":17}},"47":{"start":{"line":68,"column":2},"end":{"line":74,"column":null}},"48":{"start":{"line":69,"column":25},"end":{"line":69,"column":72}},"49":{"start":{"line":70,"column":4},"end":{"line":70,"column":24}},"50":{"start":{"line":72,"column":4},"end":{"line":72,"column":31}},"51":{"start":{"line":73,"column":4},"end":{"line":73,"column":16}},"52":{"start":{"line":66,"column":13},"end":{"line":66,"column":39}},"53":{"start":{"line":77,"column":37},"end":{"line":90,"column":1}},"54":{"start":{"line":81,"column":2},"end":{"line":89,"column":null}},"55":{"start":{"line":82,"column":4},"end":{"line":85,"column":7}},"56":{"start":{"line":87,"column":4},"end":{"line":87,"column":31}},"57":{"start":{"line":88,"column":4},"end":{"line":88,"column":16}},"58":{"start":{"line":77,"column":13},"end":{"line":77,"column":37}},"59":{"start":{"line":92,"column":41},"end":{"line":100,"column":1}},"60":{"start":{"line":93,"column":2},"end":{"line":93,"column":17}},"61":{"start":{"line":94,"column":2},"end":{"line":99,"column":null}},"62":{"start":{"line":95,"column":4},"end":{"line":95,"column":72}},"63":{"start":{"line":97,"column":4},"end":{"line":97,"column":31}},"64":{"start":{"line":98,"column":4},"end":{"line":98,"column":16}},"65":{"start":{"line":92,"column":13},"end":{"line":92,"column":41}},"66":{"start":{"line":102,"column":33},"end":{"line":110,"column":1}},"67":{"start":{"line":103,"column":2},"end":{"line":103,"column":17}},"68":{"start":{"line":104,"column":2},"end":{"line":109,"column":null}},"69":{"start":{"line":105,"column":4},"end":{"line":105,"column":51}},"70":{"start":{"line":107,"column":4},"end":{"line":107,"column":31}},"71":{"start":{"line":108,"column":4},"end":{"line":108,"column":16}},"72":{"start":{"line":102,"column":13},"end":{"line":102,"column":33}},"73":{"start":{"line":112,"column":21},"end":{"line":122,"column":1}},"74":{"start":{"line":113,"column":2},"end":{"line":121,"column":null}},"75":{"start":{"line":114,"column":18},"end":{"line":114,"column":54}},"76":{"start":{"line":115,"column":4},"end":{"line":117,"column":null}},"77":{"start":{"line":116,"column":6},"end":{"line":116,"column":57}},"78":{"start":{"line":118,"column":4},"end":{"line":118,"column":28}},"79":{"start":{"line":120,"column":4},"end":{"line":120,"column":16}}},"fnMap":{"0":{"name":"(anonymous_0)","decl":{"start":{"line":6,"column":32},"end":{"line":6,"column":37}},"loc":{"start":{"line":6,"column":76},"end":{"line":14,"column":1}}},"1":{"name":"(anonymous_1)","decl":{"start":{"line":16,"column":25},"end":{"line":16,"column":30}},"loc":{"start":{"line":16,"column":67},"end":{"line":24,"column":1}}},"2":{"name":"(anonymous_2)","decl":{"start":{"line":26,"column":28},"end":{"line":26,"column":33}},"loc":{"start":{"line":26,"column":70},"end":{"line":33,"column":1}}},"3":{"name":"(anonymous_3)","decl":{"start":{"line":35,"column":26},"end":{"line":35,"column":31}},"loc":{"start":{"line":35,"column":37},"end":{"line":44,"column":1}}},"4":{"name":"(anonymous_4)","decl":{"start":{"line":46,"column":27},"end":{"line":46,"column":32}},"loc":{"start":{"line":46,"column":62},"end":{"line":54,"column":1}}},"5":{"name":"(anonymous_5)","decl":{"start":{"line":56,"column":37},"end":{"line":56,"column":42}},"loc":{"start":{"line":56,"column":69},"end":{"line":64,"column":1}}},"6":{"name":"(anonymous_6)","decl":{"start":{"line":66,"column":39},"end":{"line":66,"column":44}},"loc":{"start":{"line":66,"column":50},"end":{"line":75,"column":1}}},"7":{"name":"(anonymous_7)","decl":{"start":{"line":77,"column":37},"end":{"line":77,"column":42}},"loc":{"start":{"line":80,"column":4},"end":{"line":90,"column":1}}},"8":{"name":"(anonymous_8)","decl":{"start":{"line":92,"column":41},"end":{"line":92,"column":46}},"loc":{"start":{"line":92,"column":71},"end":{"line":100,"column":1}}},"9":{"name":"(anonymous_9)","decl":{"start":{"line":102,"column":33},"end":{"line":102,"column":38}},"loc":{"start":{"line":102,"column":44},"end":{"line":110,"column":1}}},"10":{"name":"(anonymous_10)","decl":{"start":{"line":112,"column":21},"end":{"line":112,"column":24}},"loc":{"start":{"line":112,"column":26},"end":{"line":122,"column":1}}}},"branchMap":{"0":{"loc":{"start":{"line":115,"column":4},"end":{"line":117,"column":null}},"type":"if","locations":[{"start":{"line":115,"column":4},"end":{"line":117,"column":null}}]}},"s":{"0":2,"1":2,"2":2,"3":2,"4":2,"5":2,"6":2,"7":0,"8":0,"9":2,"10":2,"11":2,"12":2,"13":2,"14":0,"15":0,"16":2,"17":2,"18":2,"19":2,"20":2,"21":0,"22":2,"23":2,"24":1,"25":0,"26":0,"27":0,"28":0,"29":0,"30":2,"31":2,"32":2,"33":2,"34":2,"35":0,"36":0,"37":2,"38":2,"39":2,"40":2,"41":2,"42":0,"43":0,"44":2,"45":2,"46":0,"47":0,"48":0,"49":0,"50":0,"51":0,"52":2,"53":2,"54":2,"55":2,"56":0,"57":0,"58":2,"59":2,"60":0,"61":0,"62":0,"63":0,"64":0,"65":2,"66":2,"67":0,"68":0,"69":0,"70":0,"71":0,"72":2,"73":2,"74":1,"75":1,"76":1,"77":1,"78":0,"79":1},"f":{"0":2,"1":2,"2":2,"3":1,"4":2,"5":2,"6":0,"7":2,"8":0,"9":0,"10":1},"b":{"0":[1]}}
,"C:\\Users\\conno\\OneDrive - University of Strathclyde\\Fourth Year\\CS408 - Individual project\\University Dissertation\\FrontEnd\\Univeristy-Dissertation\\src\\services\\api\\ApiService.ts": {"path":"C:\\Users\\conno\\OneDrive - University of Strathclyde\\Fourth Year\\CS408 - Individual project\\University Dissertation\\FrontEnd\\Univeristy-Dissertation\\src\\services\\api\\ApiService.ts","statementMap":{"0":{"start":{"line":1,"column":0},"end":{"line":1,"column":57}},"1":{"start":{"line":4,"column":10},"end":{"line":4,"column":null}},"2":{"start":{"line":5,"column":10},"end":{"line":5,"column":null}},"3":{"start":{"line":8,"column":4},"end":{"line":8,"column":31}},"4":{"start":{"line":9,"column":4},"end":{"line":15,"column":7}},"5":{"start":{"line":19,"column":4},"end":{"line":19,"column":31}},"6":{"start":{"line":23,"column":4},"end":{"line":32,"column":null}},"7":{"start":{"line":24,"column":31},"end":{"line":24,"column":45}},"8":{"start":{"line":25,"column":6},"end":{"line":27,"column":8}},"9":{"start":{"line":28,"column":11},"end":{"line":32,"column":null}},"10":{"start":{"line":29,"column":6},"end":{"line":29,"column":62}},"11":{"start":{"line":31,"column":6},"end":{"line":31,"column":58}},"12":{"start":{"line":36,"column":4},"end":{"line":52,"column":null}},"13":{"start":{"line":37,"column":23},"end":{"line":44,"column":8}},"14":{"start":{"line":45,"column":6},"end":{"line":45,"column":27}},"15":{"start":{"line":47,"column":6},"end":{"line":51,"column":null}},"16":{"start":{"line":48,"column":8},"end":{"line":48,"column":46}},"17":{"start":{"line":50,"column":8},"end":{"line":50,"column":20}},"18":{"start":{"line":56,"column":4},"end":{"line":56,"column":41}},"19":{"start":{"line":60,"column":4},"end":{"line":60,"column":48}},"20":{"start":{"line":63,"column":4},"end":{"line":63,"column":65}},"21":{"start":{"line":67,"column":4},"end":{"line":67,"column":47}},"22":{"start":{"line":71,"column":0},"end":{"line":71,"column":30}}},"fnMap":{"0":{"name":"(anonymous_0)","decl":{"start":{"line":7,"column":2},"end":{"line":7,"column":14}},"loc":{"start":{"line":7,"column":55},"end":{"line":16,"column":3}}},"1":{"name":"(anonymous_1)","decl":{"start":{"line":18,"column":2},"end":{"line":18,"column":14}},"loc":{"start":{"line":18,"column":39},"end":{"line":20,"column":3}}},"2":{"name":"(anonymous_2)","decl":{"start":{"line":22,"column":10},"end":{"line":22,"column":21}},"loc":{"start":{"line":22,"column":39},"end":{"line":33,"column":3}}},"3":{"name":"(anonymous_3)","decl":{"start":{"line":35,"column":10},"end":{"line":35,"column":15}},"loc":{"start":{"line":35,"column":68},"end":{"line":53,"column":3}}},"4":{"name":"(anonymous_4)","decl":{"start":{"line":55,"column":2},"end":{"line":55,"column":7}},"loc":{"start":{"line":55,"column":28},"end":{"line":57,"column":3}}},"5":{"name":"(anonymous_5)","decl":{"start":{"line":59,"column":2},"end":{"line":59,"column":7}},"loc":{"start":{"line":59,"column":40},"end":{"line":61,"column":3}}},"6":{"name":"(anonymous_6)","decl":{"start":{"line":62,"column":2},"end":{"line":62,"column":7}},"loc":{"start":{"line":62,"column":41},"end":{"line":64,"column":3}}},"7":{"name":"(anonymous_7)","decl":{"start":{"line":66,"column":2},"end":{"line":66,"column":7}},"loc":{"start":{"line":66,"column":39},"end":{"line":68,"column":3}}}},"branchMap":{"0":{"loc":{"start":{"line":23,"column":4},"end":{"line":32,"column":null}},"type":"if","locations":[{"start":{"line":23,"column":4},"end":{"line":32,"column":null}},{"start":{"line":28,"column":11},"end":{"line":32,"column":null}}]},"1":{"loc":{"start":{"line":28,"column":11},"end":{"line":32,"column":null}},"type":"if","locations":[{"start":{"line":28,"column":11},"end":{"line":32,"column":null}},{"start":{"line":30,"column":11},"end":{"line":32,"column":null}}]},"2":{"loc":{"start":{"line":47,"column":6},"end":{"line":51,"column":null}},"type":"if","locations":[{"start":{"line":47,"column":6},"end":{"line":51,"column":null}},{"start":{"line":49,"column":13},"end":{"line":51,"column":null}}]}},"s":{"0":2,"1":6,"2":6,"3":6,"4":6,"5":1,"6":0,"7":0,"8":0,"9":0,"10":0,"11":0,"12":1,"13":1,"14":0,"15":1,"16":0,"17":1,"18":1,"19":0,"20":0,"21":0,"22":2},"f":{"0":6,"1":1,"2":0,"3":1,"4":1,"5":0,"6":0,"7":0},"b":{"0":[0,0],"1":[0,0],"2":[0,1]}}
,"C:\\Users\\conno\\OneDrive - University of Strathclyde\\Fourth Year\\CS408 - Individual project\\University Dissertation\\FrontEnd\\Univeristy-Dissertation\\src\\services\\enums\\ProficiencyLevel.tsx": {"path":"C:\\Users\\conno\\OneDrive - University of Strathclyde\\Fourth Year\\CS408 - Individual project\\University Dissertation\\FrontEnd\\Univeristy-Dissertation\\src\\services\\enums\\ProficiencyLevel.tsx","statementMap":{"0":{"start":{"line":1,"column":0},"end":{"line":1,"column":null}},"1":{"start":{"line":2,"column":2},"end":{"line":2,"column":null}},"2":{"start":{"line":3,"column":2},"end":{"line":3,"column":null}},"3":{"start":{"line":4,"column":2},"end":{"line":4,"column":null}},"4":{"start":{"line":5,"column":2},"end":{"line":5,"column":null}},"5":{"start":{"line":6,"column":2},"end":{"line":6,"column":null}},"6":{"start":{"line":9,"column":0},"end":{"line":9,"column":32}}},"fnMap":{"0":{"name":"(anonymous_0)","decl":{"start":{"line":1,"column":0},"end":{"line":1,"column":5}},"loc":{"start":{"line":1,"column":21},"end":{"line":7,"column":1}}}},"branchMap":{"0":{"loc":{"start":{"line":1,"column":5},"end":{"line":1,"column":null}},"type":"binary-expr","locations":[{"start":{"line":1,"column":5},"end":{"line":1,"column":21}},{"start":{"line":1,"column":5},"end":{"line":1,"column":null}}]}},"s":{"0":2,"1":2,"2":2,"3":2,"4":2,"5":2,"6":2},"f":{"0":2},"b":{"0":[2,2]}}
}
