TN:
SF:src\components\AlgorithmAnimation\AlgorithmAnimation.tsx
FN:13,(anonymous_0)
FN:25,(anonymous_1)
FN:28,(anonymous_2)
FN:30,(anonymous_3)
FN:31,(anonymous_4)
FN:40,(anonymous_5)
FN:45,(anonymous_6)
FN:104,(anonymous_7)
FN:125,(anonymous_8)
FNF:9
FNH:6
FNDA:8,(anonymous_0)
FNDA:4,(anonymous_1)
FNDA:3,(anonymous_2)
FNDA:0,(anonymous_3)
FNDA:0,(anonymous_4)
FNDA:4,(anonymous_5)
FNDA:5,(anonymous_6)
FNDA:3,(anonymous_7)
FNDA:0,(anonymous_8)
DA:1,1
DA:2,1
DA:3,1
DA:13,1
DA:20,8
DA:21,8
DA:22,8
DA:23,8
DA:25,8
DA:28,4
DA:29,3
DA:30,3
DA:31,0
DA:36,4
DA:37,3
DA:40,4
DA:41,4
DA:45,8
DA:46,5
DA:47,5
DA:49,0
DA:50,0
DA:51,0
DA:54,5
DA:55,5
DA:56,0
DA:104,8
DA:105,3
DA:106,3
DA:109,3
DA:112,3
DA:113,3
DA:114,3
DA:115,3
DA:118,3
DA:120,3
DA:121,0
DA:122,0
DA:123,0
DA:126,0
DA:132,0
DA:137,8
DA:145,1
LF:43
LH:33
BRDA:29,0,0,3
BRDA:36,1,0,3
BRDA:46,2,0,5
BRDA:46,3,0,5
BRDA:46,3,1,5
BRDA:47,4,0,0
BRDA:47,4,1,5
BRDA:55,5,0,0
BRDA:105,6,0,3
BRDA:105,7,0,3
BRDA:105,7,1,3
BRDA:105,7,2,3
BRDA:112,8,0,3
BRDA:120,9,0,0
BRDA:126,10,0,0
BRDA:126,10,1,0
BRDA:126,11,0,0
BRDA:126,11,1,0
BRDA:127,12,0,0
BRDA:127,12,1,0
BRF:20
BRH:11
end_of_record
TN:
SF:src\components\AlgorithmInputBox\AlgorithmInputBox.tsx
FN:5,AlgorithmInputBox
FN:15,(anonymous_1)
FN:19,(anonymous_2)
FN:26,(anonymous_3)
FN:28,(anonymous_4)
FNF:5
FNH:5
FNDA:8,AlgorithmInputBox
FNDA:3,(anonymous_1)
FNDA:2,(anonymous_2)
FNDA:4,(anonymous_3)
FNDA:3,(anonymous_4)
DA:1,1
DA:2,1
DA:3,1
DA:12,8
DA:13,8
DA:15,8
DA:16,3
DA:19,8
DA:20,2
DA:22,2
DA:26,4
DA:28,3
DA:30,2
DA:31,1
DA:33,1
DA:34,1
DA:36,2
DA:39,8
DA:68,1
LF:19
LH:19
BRDA:26,0,0,4
BRDA:26,0,1,3
BRDA:26,0,2,3
BRDA:30,1,0,1
BRDA:30,1,1,1
BRDA:63,2,0,8
BRDA:63,2,1,1
BRF:7
BRH:7
end_of_record
TN:
SF:src\components\AlgorithmSelectionMenu\AlgorithmSelectionMenu.tsx
FN:16,(anonymous_0)
FN:19,(anonymous_1)
FN:36,(anonymous_2)
FNF:3
FNH:3
FNDA:7,(anonymous_0)
FNDA:2,(anonymous_1)
FNDA:42,(anonymous_2)
DA:1,1
DA:2,1
DA:3,1
DA:4,1
DA:5,1
DA:7,1
DA:16,1
DA:17,7
DA:19,7
DA:20,2
DA:23,7
DA:37,42
DA:47,1
LF:13
LH:13
BRF:0
BRH:0
end_of_record
TN:
SF:src\components\LogOutAlert\LogOutAlert.tsx
FN:20,(anonymous_0)
FN:27,(anonymous_1)
FN:32,(anonymous_2)
FNF:3
FNH:3
FNDA:7,(anonymous_0)
FNDA:2,(anonymous_1)
FNDA:1,(anonymous_2)
DA:1,1
DA:2,1
DA:3,1
DA:4,1
DA:5,1
DA:6,1
DA:8,1
DA:20,1
DA:25,7
DA:27,7
DA:28,2
DA:29,2
DA:32,7
DA:34,1
DA:35,1
DA:38,7
DA:77,1
LF:17
LH:17
BRDA:42,0,0,7
BRDA:42,0,1,7
BRF:2
BRH:2
end_of_record
TN:
SF:src\components\ProficiencyQuiz\ProficiencyQuiz.tsx
FN:11,(anonymous_0)
FN:46,(anonymous_1)
FN:53,(anonymous_2)
FN:97,(anonymous_3)
FN:103,(anonymous_4)
FN:121,(anonymous_5)
FNF:6
FNH:6
FNDA:14,(anonymous_0)
FNDA:6,(anonymous_1)
FNDA:5,(anonymous_2)
FNDA:39,(anonymous_3)
FNDA:5,(anonymous_4)
FNDA:6,(anonymous_5)
DA:1,2
DA:2,2
DA:3,2
DA:4,2
DA:5,2
DA:11,2
DA:12,14
DA:13,14
DA:14,14
DA:15,14
DA:16,14
DA:17,14
DA:19,14
DA:46,14
DA:47,6
DA:48,1
DA:49,1
DA:51,5
DA:52,5
DA:53,5
DA:55,5
DA:56,5
DA:57,4
DA:59,1
DA:60,1
DA:61,0
DA:62,0
DA:65,1
DA:66,0
DA:67,0
DA:70,1
DA:71,1
DA:72,1
DA:79,14
DA:98,39
DA:103,5
DA:121,6
DA:132,2
LF:38
LH:34
BRDA:47,0,0,1
BRDA:56,1,0,4
BRDA:56,1,1,1
BRDA:60,2,0,0
BRDA:60,2,1,1
BRDA:65,3,0,0
BRDA:65,3,1,1
BRDA:70,4,0,1
BRDA:81,5,0,1
BRDA:81,5,1,13
BRDA:88,6,0,13
BRDA:88,6,1,13
BRDA:100,7,0,5
BRDA:100,7,1,34
BRDA:115,8,0,13
BRDA:115,8,1,1
BRF:16
BRH:14
end_of_record
TN:
SF:src\components\ProgressionBar\ProgressionBar.tsx
FN:7,LinearProgressWithLabel
FNF:1
FNH:0
FNDA:0,LinearProgressWithLabel
DA:1,1
DA:4,1
DA:5,1
DA:7,1
DA:10,0
DA:11,0
DA:13,0
LF:7
LH:4
BRF:0
BRH:0
end_of_record
TN:
SF:src\components\ProgressionChart\ProgressionChart.tsx
FN:13,(anonymous_0)
FN:18,(anonymous_1)
FN:22,fetchLastFiveGames
FN:24,(anonymous_3)
FN:33,(anonymous_4)
FN:36,(anonymous_5)
FNF:6
FNH:2
FNDA:1,(anonymous_0)
FNDA:1,(anonymous_1)
FNDA:0,fetchLastFiveGames
FNDA:0,(anonymous_3)
FNDA:0,(anonymous_4)
FNDA:0,(anonymous_5)
DA:1,2
DA:2,2
DA:3,2
DA:4,2
DA:13,2
DA:14,1
DA:18,1
DA:19,1
DA:21,1
DA:23,0
DA:24,0
DA:25,0
DA:29,0
DA:33,1
DA:34,1
DA:37,0
DA:52,1
DA:79,1
DA:86,2
LF:19
LH:14
BRDA:21,0,0,0
BRF:1
BRH:0
end_of_record
TN:
SF:src\components\ToolTip\ToolTip.tsx
FN:13,(anonymous_0)
FNF:1
FNH:1
FNDA:7,(anonymous_0)
DA:2,1
DA:3,1
DA:4,1
DA:5,1
DA:13,1
DA:18,7
DA:21,7
DA:44,1
LF:8
LH:8
BRDA:15,0,0,7
BRDA:16,1,0,7
BRDA:32,2,0,7
BRDA:32,2,1,0
BRF:4
BRH:3
end_of_record
TN:
SF:src\pages\Home\Home.tsx
FN:6,Home
FN:10,(anonymous_1)
FN:14,(anonymous_2)
FN:39,(anonymous_3)
FN:45,(anonymous_4)
FN:52,(anonymous_5)
FN:58,(anonymous_6)
FNF:7
FNH:7
FNDA:4,Home
FNDA:2,(anonymous_1)
FNDA:4,(anonymous_2)
FNDA:1,(anonymous_3)
FNDA:1,(anonymous_4)
FNDA:1,(anonymous_5)
FNDA:1,(anonymous_6)
DA:1,1
DA:2,1
DA:3,1
DA:4,1
DA:7,4
DA:8,4
DA:10,4
DA:11,2
DA:14,4
DA:15,4
DA:18,4
DA:39,1
DA:45,1
DA:52,1
DA:58,1
DA:71,1
LF:16
LH:16
BRDA:20,0,0,2
BRDA:20,0,1,2
BRF:2
BRH:2
end_of_record
TN:
SF:src\pages\Profile\Profile.tsx
FN:20,(anonymous_0)
FN:32,(anonymous_1)
FN:36,fetchData
FN:38,(anonymous_3)
FN:44,fetchUserStatistics
FN:46,(anonymous_5)
FN:82,(anonymous_6)
FN:116,(anonymous_7)
FN:117,(anonymous_8)
FNF:9
FNH:2
FNDA:3,(anonymous_0)
FNDA:3,(anonymous_1)
FNDA:0,fetchData
FNDA:0,(anonymous_3)
FNDA:0,fetchUserStatistics
FNDA:0,(anonymous_5)
FNDA:0,(anonymous_6)
FNDA:0,(anonymous_7)
FNDA:0,(anonymous_8)
DA:1,1
DA:2,1
DA:3,1
DA:4,1
DA:5,1
DA:6,1
DA:7,1
DA:8,1
DA:9,1
DA:10,1
DA:20,1
DA:21,3
DA:22,3
DA:23,3
DA:24,3
DA:32,3
DA:33,3
DA:35,3
DA:37,0
DA:38,0
DA:39,0
DA:45,0
DA:46,0
DA:47,0
DA:52,0
DA:53,0
DA:57,3
DA:82,0
DA:116,0
DA:117,0
DA:124,1
LF:31
LH:20
BRDA:35,0,0,0
BRDA:60,1,0,0
BRDA:60,1,1,3
BRDA:64,2,0,0
BRDA:64,2,1,3
BRDA:76,3,0,0
BRDA:76,3,1,0
BRDA:87,4,0,0
BRDA:87,4,1,0
BRDA:87,4,2,0
BRDA:101,5,0,0
BRDA:101,5,1,0
BRF:12
BRH:2
end_of_record
TN:
SF:src\services\api\ApiEndpoints.ts
FN:6,(anonymous_0)
FN:16,(anonymous_1)
FN:26,(anonymous_2)
FN:35,(anonymous_3)
FN:46,(anonymous_4)
FN:56,(anonymous_5)
FN:66,(anonymous_6)
FN:77,(anonymous_7)
FN:92,(anonymous_8)
FN:102,(anonymous_9)
FN:112,(anonymous_10)
FNF:11
FNH:8
FNDA:2,(anonymous_0)
FNDA:2,(anonymous_1)
FNDA:2,(anonymous_2)
FNDA:1,(anonymous_3)
FNDA:2,(anonymous_4)
FNDA:2,(anonymous_5)
FNDA:0,(anonymous_6)
FNDA:2,(anonymous_7)
FNDA:0,(anonymous_8)
FNDA:0,(anonymous_9)
FNDA:1,(anonymous_10)
DA:1,2
DA:3,2
DA:4,2
DA:6,2
DA:7,2
DA:8,2
DA:9,2
DA:11,0
DA:12,0
DA:16,2
DA:17,2
DA:18,2
DA:19,2
DA:21,0
DA:22,0
DA:26,2
DA:27,2
DA:28,2
DA:29,2
DA:31,0
DA:35,2
DA:36,1
DA:37,0
DA:38,0
DA:39,0
DA:41,0
DA:42,0
DA:46,2
DA:47,2
DA:48,2
DA:49,2
DA:51,0
DA:52,0
DA:56,2
DA:57,2
DA:58,2
DA:59,2
DA:61,0
DA:62,0
DA:66,2
DA:67,0
DA:68,0
DA:69,0
DA:70,0
DA:72,0
DA:73,0
DA:77,2
DA:81,2
DA:82,2
DA:87,0
DA:88,0
DA:92,2
DA:93,0
DA:94,0
DA:95,0
DA:97,0
DA:98,0
DA:102,2
DA:103,0
DA:104,0
DA:105,0
DA:107,0
DA:108,0
DA:112,2
DA:113,1
DA:114,1
DA:115,1
DA:116,1
DA:118,0
DA:120,1
LF:70
LH:37
BRDA:115,0,0,1
BRF:1
BRH:1
end_of_record
TN:
SF:src\services\api\ApiService.ts
FN:7,(anonymous_0)
FN:18,(anonymous_1)
FN:22,(anonymous_2)
FN:35,(anonymous_3)
FN:55,(anonymous_4)
FN:59,(anonymous_5)
FN:62,(anonymous_6)
FN:66,(anonymous_7)
FNF:8
FNH:4
FNDA:6,(anonymous_0)
FNDA:1,(anonymous_1)
FNDA:0,(anonymous_2)
FNDA:1,(anonymous_3)
FNDA:1,(anonymous_4)
FNDA:0,(anonymous_5)
FNDA:0,(anonymous_6)
FNDA:0,(anonymous_7)
DA:1,2
DA:4,6
DA:5,6
DA:8,6
DA:9,6
DA:19,1
DA:23,0
DA:24,0
DA:25,0
DA:28,0
DA:29,0
DA:31,0
DA:36,1
DA:37,1
DA:45,0
DA:47,1
DA:48,0
DA:50,1
DA:56,1
DA:60,0
DA:63,0
DA:67,0
DA:71,2
LF:23
LH:12
BRDA:23,0,0,0
BRDA:23,0,1,0
BRDA:28,1,0,0
BRDA:28,1,1,0
BRDA:47,2,0,0
BRDA:47,2,1,1
BRF:6
BRH:1
end_of_record
TN:
SF:src\services\enums\ProficiencyLevel.tsx
FN:1,(anonymous_0)
FNF:1
FNH:1
FNDA:2,(anonymous_0)
DA:1,2
DA:2,2
DA:3,2
DA:4,2
DA:5,2
DA:6,2
DA:9,2
LF:7
LH:7
BRDA:1,0,0,2
BRDA:1,0,1,2
BRF:2
BRH:2
end_of_record
